<component name="libraryTable">
  <library name="junit-jupiter-api-5.10.1">
    <CLASSES>
      <root url="jar://$MAVEN_REPOSITORY$/org/junit/jupiter/junit-jupiter-api/5.10.1/junit-jupiter-api-5.10.1.jar!/" />
      <root url="jar://$MAVEN_REPOSITORY$/org/mockito/mockito-junit-jupiter/5.2.0/mockito-junit-jupiter-5.2.0.jar!/" />
      <root url="jar://$MAVEN_REPOSITORY$/org/mockito/mockito-inline/5.2.0/mockito-inline-5.2.0.jar!/" />
    </CLASSES>
    <JAVADOC />
    <SOURCES />
  </library>
</component>